<?xml version="1.0" encoding="UTF-8"?>
<!-- Generated by org.testng.reporters.JUnitReportReporter -->
<testsuite skipped="0" hostname="VINOD-LAPTOP" name="com.lacare.tests.VerifyVersionTest" tests="1" failures="0" timestamp="03 Nov 2018 14:05:26 GMT" time="14.706" errors="0">
  <testcase name="testVerifyVersion" time="14.706" classname="com.lacare.tests.VerifyVersionTest"/>
</testsuite> <!-- com.lacare.tests.VerifyVersionTest -->
