<?xml version="1.0" encoding="UTF-8"?>
<!-- Generated by org.testng.reporters.JUnitReportReporter -->
<testsuite skipped="0" hostname="VINOD-LAPTOP" name="com.lacare.tests.InvalidLoginTest" tests="1" failures="0" timestamp="03 Nov 2018 14:05:26 GMT" time="35.390" errors="0">
  <testcase name="testInvalidLogin" time="35.390" classname="com.lacare.tests.InvalidLoginTest"/>
</testsuite> <!-- com.lacare.tests.InvalidLoginTest -->
