<?xml version="1.0" encoding="UTF-8"?>
<!-- Generated by org.testng.reporters.JUnitReportReporter -->
<testsuite skipped="0" hostname="VINOD-LAPTOP" name="com.lacare.tests.ValidLoginLogoutTest" tests="1" failures="0" timestamp="19 Nov 2018 03:35:52 GMT" time="23.198" errors="0">
  <testcase name="testValidLoginLogout" time="23.198" classname="com.lacare.tests.ValidLoginLogoutTest"/>
</testsuite> <!-- com.lacare.tests.ValidLoginLogoutTest -->
